<?xml version="1.0" encoding="UTF-8"?>
<!-- Generated by org.testng.reporters.JUnitReportReporter -->
<testsuite hostname="Rajesh" failures="0" tests="1" name="cucumber.Runner" time="14.179" errors="0" timestamp="2022-03-04T11:40:13 EST" skipped="0">
  <testcase classname="cucumber.Runner" name="runScenario" time="14.179"/>
  <system-out/>
</testsuite> <!-- cucumber.Runner -->
