<?xml version="1.0" encoding="UTF-8"?>
<!-- Generated by org.testng.reporters.JUnitReportReporter -->
<testsuite hostname="Rajesh" failures="0" tests="4" name="testng.Loginpage" time="27.501" errors="0" timestamp="2022-03-02T11:29:36 EST" skipped="0">
  <testcase classname="testng.Loginpage" name="openurl" time="2.635"/>
  <system-out/>
  <testcase classname="testng.Loginpage" name="login" time="3.810"/>
  <system-out/>
  <testcase classname="testng.Loginpage" name="clickmybookings" time="19.436"/>
  <system-out/>
  <testcase classname="testng.Loginpage" name="logout" time="1.620"/>
  <system-out/>
</testsuite> <!-- testng.Loginpage -->
